<?xml version="1.0" encoding="UTF-8"?>
<!-- Generated by org.testng.reporters.JUnitReportReporter -->
<testsuite hostname="QT-INHD-LT0210" failures="0" tests="2" name="testNGtutorial.day2" time="0.004" errors="0" timestamp="2023-06-16T18:41:31 IST" skipped="0">
  <testcase classname="testNGtutorial.day2" name="personalLoan1" time="0.001"/>
  <system-out/>
  <testcase classname="testNGtutorial.day2" name="ploan" time="0.003"/>
  <system-out/>
</testsuite> <!-- testNGtutorial.day2 -->
