<?xml version="1.0" encoding="UTF-8"?>
<!-- Generated by org.testng.reporters.JUnitReportReporter -->
<testsuite hostname="QT-INHD-LT0210" failures="0" tests="1" name="frameworkTute.standAloneTest" time="14.286" errors="0" timestamp="2023-06-23T17:23:36 IST" skipped="0">
  <testcase classname="frameworkTute.standAloneTest" name="submitOrder" time="14.286"/>
</testsuite> <!-- frameworkTute.standAloneTest -->
