<?xml version="1.0" encoding="UTF-8"?>
<!-- Generated by org.testng.reporters.JUnitReportReporter -->
<testsuite hostname="QT-INHD-LT0210" failures="0" tests="2" name="testNGtutorial.day1testNG" time="0.015" errors="0" timestamp="2023-06-16T18:41:31 IST" skipped="0">
  <testcase classname="testNGtutorial.day1testNG" name="Demo2" time="0.003"/>
  <system-out/>
  <testcase classname="testNGtutorial.day1testNG" name="Demo1" time="0.012"/>
  <system-out/>
</testsuite> <!-- testNGtutorial.day1testNG -->
