<?xml version="1.0" encoding="UTF-8"?>
<!-- Generated by org.testng.reporters.JUnitReportReporter -->
<testsuite hostname="QT-INHD-LT0210" failures="0" tests="2" name="testNGtutorial.day3" time="0.001" errors="0" timestamp="2023-06-16T18:26:07 IST" skipped="0">
  <testcase classname="testNGtutorial.day3" name="carLoan" time="0.001"/>
  <system-out/>
  <testcase classname="testNGtutorial.day3" name="carLoan1" time="0.000"/>
  <system-out/>
</testsuite> <!-- testNGtutorial.day3 -->
