<?xml version="1.0" encoding="UTF-8"?>
<!-- Generated by org.testng.reporters.JUnitReportReporter -->
<testsuite hostname="QT-INHD-LT0210" failures="0" tests="1" name="positiveAndNegativeTests.standAloneTest" time="13.527" errors="0" timestamp="2023-06-26T15:16:38 IST" skipped="0">
  <testcase classname="positiveAndNegativeTests.standAloneTest" name="submitOrder" time="13.527"/>
</testsuite> <!-- positiveAndNegativeTests.standAloneTest -->
