<?xml version="1.0" encoding="UTF-8"?>
<!-- Generated by org.testng.reporters.JUnitReportReporter -->
<testsuite hostname="QT-INHD-LT0210" failures="0" tests="1" name="selenium.testNGDay1" time="0.012" errors="0" timestamp="2023-06-16T16:25:09 IST" skipped="0">
  <testcase classname="selenium.testNGDay1" name="Demo" time="0.012"/>
  <system-out/>
</testsuite> <!-- selenium.testNGDay1 -->
